SF:lib\features\image_caption\data\mapper\image_caption_json_to_model_mapper.dart
DA:6,2
DA:8,3
DA:9,4
DA:10,0
DA:11,0
LF:5
LH:3
end_of_record
SF:lib\features\image_caption\data\model\image_caption_model.dart
DA:11,2
DA:13,2
DA:14,2
DA:15,4
DA:16,2
DA:19,0
DA:21,1
DA:22,2
DA:24,0
DA:26,0
DA:27,0
DA:28,0
DA:29,0
DA:33,0
DA:34,0
LF:15
LH:7
end_of_record
SF:lib\features\image_caption\data\mapper\mapper.dart
DA:10,0
DA:11,0
DA:13,0
DA:15,0
LF:4
LH:0
end_of_record
SF:lib\features\image_caption\data\datasource\remote\image_caption_remote.dart
DA:9,1
DA:11,0
DA:13,0
DA:14,0
DA:15,0
DA:16,0
DA:17,0
LF:7
LH:1
end_of_record
SF:lib\features\image_caption\data\model\image_caption_response_dto.dart
DA:12,1
DA:19,0
DA:20,0
DA:21,0
LF:4
LH:1
end_of_record
SF:lib\features\image_caption\data\model\image_caption_response_dto.g.dart
DA:9,0
DA:11,0
DA:12,0
DA:13,0
DA:14,0
DA:15,0
DA:18,0
DA:20,0
DA:21,0
DA:22,0
DA:23,0
DA:24,0
LF:12
LH:0
end_of_record
SF:lib\features\image_caption\data\mapper\image_caption_model_to_entity_mapper.dart
DA:8,1
DA:10,3
LF:2
LH:2
end_of_record
SF:lib\features\image_caption\data\mapper\image_caption_response_to_entity_group_mapper.dart
DA:11,1
DA:20,1
DA:23,1
DA:24,3
DA:26,1
DA:27,1
DA:28,1
DA:29,1
DA:31,2
DA:32,2
DA:33,1
LF:11
LH:11
end_of_record
SF:lib\features\image_caption\data\repository\image_caption_repo_impl.dart
DA:11,1
DA:21,1
DA:28,1
DA:30,2
DA:31,2
DA:32,1
DA:34,3
LF:7
LH:7
end_of_record
SF:lib\features\image_caption\domain\entity\image_caption_entity.dart
DA:9,2
DA:11,0
DA:12,0
DA:13,0
DA:14,0
DA:17,0
DA:19,0
DA:20,0
LF:8
LH:1
end_of_record
SF:lib\features\image_caption\domain\use_case\image_caption_uc.dart
DA:14,1
DA:16,1
DA:19,2
LF:3
LH:3
end_of_record
SF:lib\features\image_caption\presentation\cubit\image_caption\image_caption_cubit.dart
DA:15,2
DA:19,0
DA:20,0
DA:23,1
DA:25,1
DA:28,2
DA:29,1
DA:30,3
DA:31,1
DA:32,1
DA:33,3
DA:34,0
LF:12
LH:9
end_of_record
SF:lib\features\settings\about\data\repository\about_repo_impl.dart
DA:10,1
DA:12,1
DA:18,0
DA:20,0
DA:22,0
DA:24,0
DA:26,0
DA:33,0
DA:34,0
LF:9
LH:2
end_of_record
SF:lib\features\settings\about\domain\entity\about_entity.dart
DA:5,1
LF:1
LH:1
end_of_record
SF:lib\features\settings\about\domain\use_case\about_uc.dart
DA:7,1
DA:9,3
LF:2
LH:2
end_of_record
SF:lib\features\settings\data\repository\settings_repo_impl.dart
DA:11,2
DA:13,2
DA:15,4
DA:16,4
DA:19,2
DA:21,4
DA:22,4
LF:7
LH:7
end_of_record
SF:lib\features\settings\domain\entity\settings_entity.dart
DA:6,7
DA:9,0
DA:10,0
DA:11,0
DA:12,0
DA:15,0
DA:16,0
DA:17,0
DA:18,0
LF:9
LH:1
end_of_record
SF:lib\features\settings\data\datasource\local\settings_local_data_source.dart
DA:8,2
DA:10,2
DA:11,6
DA:12,2
DA:15,2
DA:16,6
LF:6
LH:6
end_of_record
SF:lib\features\settings\data\mapper\settings_mapper.dart
DA:5,2
DA:7,4
DA:8,2
DA:9,2
DA:10,2
DA:13,4
DA:14,2
DA:15,2
DA:16,2
LF:9
LH:9
end_of_record
SF:lib\features\settings\data\model\settings_model.dart
DA:6,2
DA:9,4
DA:10,2
DA:11,2
DA:12,2
DA:15,4
DA:16,2
DA:17,2
DA:18,2
LF:9
LH:9
end_of_record
SF:lib\features\settings\domain\use_case\settings_uc.dart
DA:7,1
DA:9,3
DA:11,3
LF:3
LH:3
end_of_record
SF:lib\features\settings\presentation\cubit\settings_feature_cubit.dart
DA:9,4
DA:11,1
DA:12,2
DA:13,1
DA:16,1
DA:17,2
DA:18,1
LF:7
LH:7
end_of_record
SF:lib\features\settings\presentation\screen\settings_screen.dart
DA:10,1
DA:12,1
DA:13,1
DA:18,0
DA:19,0
DA:21,1
DA:25,1
DA:26,1
DA:27,1
DA:29,1
DA:31,1
DA:32,1
DA:36,0
DA:38,1
DA:42,0
DA:44,1
DA:48,0
DA:51,1
DA:52,1
DA:54,0
DA:56,0
DA:57,0
DA:58,0
DA:59,0
LF:24
LH:14
end_of_record
