SF:lib\core\services\notification_service.dart
DA:11,2
DA:16,2
DA:17,2
DA:22,4
DA:23,4
DA:29,0
DA:30,0
LF:7
LH:5
end_of_record
SF:lib\core\utils\error_message_mapper.dart
DA:14,1
DA:20,1
DA:21,0
DA:24,1
DA:29,0
DA:31,0
DA:35,2
DA:40,1
DA:46,0
DA:48,0
DA:50,0
DA:58,1
DA:66,0
DA:68,2
DA:69,2
DA:70,2
DA:71,0
DA:74,2
DA:75,0
DA:79,0
DA:80,0
DA:83,0
DA:84,0
DA:85,0
DA:88,0
DA:93,1
DA:94,1
DA:96,1
DA:97,0
DA:101,1
DA:102,0
DA:105,0
DA:106,0
DA:110,0
LF:34
LH:14
end_of_record
SF:lib\l10n\localization_extension.dart
DA:6,2
DA:7,2
DA:9,0
DA:10,0
DA:12,0
DA:17,0
DA:18,0
DA:19,0
DA:20,0
DA:21,0
DA:22,0
DA:23,0
LF:12
LH:2
end_of_record
SF:lib\core\utils\result.dart
DA:6,1
DA:8,2
DA:10,0
DA:12,2
LF:4
LH:3
end_of_record
SF:lib\l10n\app_localizations_en.dart
DA:9,0
DA:11,0
DA:14,0
DA:17,0
DA:20,0
DA:23,0
DA:26,0
DA:29,0
DA:32,0
DA:35,0
DA:38,0
DA:41,0
DA:44,0
DA:47,0
DA:50,0
DA:53,0
DA:56,0
DA:59,0
DA:62,0
DA:65,0
DA:68,0
DA:71,0
DA:74,0
DA:77,0
DA:80,0
DA:83,0
DA:86,0
DA:89,0
DA:92,0
DA:95,0
DA:98,0
DA:101,0
DA:103,0
DA:106,0
DA:109,0
DA:111,0
DA:114,0
DA:117,0
DA:120,0
DA:122,0
DA:125,0
DA:128,0
DA:130,0
DA:133,0
DA:136,0
DA:139,0
DA:142,0
DA:145,0
DA:148,0
DA:151,0
DA:153,0
DA:156,0
DA:159,0
DA:163,0
DA:167,0
LF:55
LH:0
end_of_record
SF:lib\features\settings\data\datasource\local\settings_local_data_source.dart
DA:10,2
DA:12,2
DA:14,6
DA:16,6
DA:17,2
DA:18,2
DA:19,4
DA:20,2
DA:22,4
DA:29,2
DA:30,6
LF:11
LH:11
end_of_record
SF:lib\l10n\app_localizations.dart
DA:65,0
DA:66,0
DA:70,0
DA:71,0
DA:398,7
DA:400,0
DA:402,0
DA:405,0
DA:407,0
DA:409,0
DA:413,0
DA:415,0
DA:416,0
DA:417,0
DA:418,0
DA:419,0
DA:422,0
LF:17
LH:1
end_of_record
SF:lib\features\settings\data\model\settings_model.dart
DA:9,3
DA:12,4
DA:13,2
DA:14,2
DA:15,2
DA:18,4
DA:19,2
DA:20,2
DA:21,2
DA:22,0
LF:10
LH:9
end_of_record
SF:lib\l10n\app_localizations_bn.dart
DA:9,0
DA:11,0
DA:14,0
DA:17,0
DA:20,0
DA:23,0
DA:26,0
DA:29,0
DA:32,0
DA:35,0
DA:38,0
DA:41,0
DA:44,0
DA:47,0
DA:50,0
DA:53,0
DA:56,0
DA:59,0
DA:62,0
DA:65,0
DA:68,0
DA:71,0
DA:74,0
DA:77,0
DA:80,0
DA:83,0
DA:86,0
DA:89,0
DA:92,0
DA:95,0
DA:98,0
DA:101,0
DA:103,0
DA:106,0
DA:109,0
DA:111,0
DA:114,0
DA:117,0
DA:120,0
DA:122,0
DA:125,0
DA:128,0
DA:130,0
DA:133,0
DA:136,0
DA:139,0
DA:142,0
DA:145,0
DA:148,0
DA:151,0
DA:153,0
DA:156,0
DA:159,0
DA:163,0
DA:167,0
LF:55
LH:0
end_of_record
SF:lib\features\image_caption\data\model\image_caption_response_dto.dart
DA:29,3
DA:47,2
DA:49,2
DA:53,8
DA:55,8
DA:56,2
DA:57,6
DA:58,2
DA:61,2
DA:62,1
DA:65,2
DA:66,6
DA:67,2
DA:72,2
DA:73,2
DA:75,2
DA:78,4
DA:79,6
DA:80,2
DA:81,2
DA:85,0
DA:88,0
DA:89,0
DA:90,0
DA:91,0
DA:92,0
DA:100,2
DA:101,2
DA:103,1
DA:107,1
DA:109,0
DA:115,2
DA:117,2
DA:121,2
DA:125,4
DA:126,2
DA:129,2
DA:130,2
DA:131,2
DA:138,1
DA:139,1
DA:141,0
DA:142,0
DA:145,1
DA:146,1
DA:150,0
DA:151,0
DA:154,0
DA:157,2
DA:158,1
DA:159,1
DA:160,1
DA:161,1
DA:162,1
DA:163,1
DA:164,1
DA:165,2
DA:166,1
DA:167,1
DA:168,1
DA:169,6
DA:170,1
DA:171,1
DA:172,1
DA:173,1
LF:65
LH:53
end_of_record
SF:lib\features\image_caption\data\mapper\image_caption_response_to_entity_group_mapper.dart
DA:16,3
DA:25,3
DA:28,3
DA:29,9
DA:31,3
DA:32,3
DA:33,3
DA:34,3
DA:35,3
DA:36,3
DA:37,3
DA:38,3
DA:39,3
DA:40,3
DA:41,3
DA:42,12
DA:43,2
DA:44,3
DA:45,3
DA:47,3
DA:48,3
DA:49,12
DA:50,2
DA:52,6
DA:53,6
DA:56,6
DA:60,6
DA:62,2
DA:65,2
DA:67,0
DA:74,3
DA:75,4
DA:76,12
DA:77,2
DA:82,3
DA:83,2
DA:85,3
DA:86,3
DA:89,0
DA:94,6
DA:99,3
DA:100,5
DA:101,5
DA:103,3
DA:105,3
DA:106,4
DA:107,1
DA:108,0
DA:109,1
DA:110,0
DA:115,3
DA:117,3
DA:118,2
DA:119,6
DA:120,4
DA:122,2
DA:127,3
DA:128,3
DA:129,3
DA:130,3
DA:132,3
DA:133,3
DA:134,6
DA:135,3
DA:136,3
DA:137,6
DA:138,6
DA:139,3
DA:140,1
DA:141,3
DA:143,4
DA:145,3
DA:146,2
DA:147,2
DA:148,0
DA:150,4
DA:152,6
DA:154,6
DA:160,3
LF:79
LH:74
end_of_record
SF:lib\features\image_caption\data\mapper\image_caption_json_to_model_mapper.dart
DA:6,4
DA:8,4
DA:9,1
DA:11,4
DA:12,4
DA:14,0
DA:15,0
LF:7
LH:5
end_of_record
SF:lib\features\image_caption\data\mapper\image_caption_model_to_entity_mapper.dart
DA:8,3
DA:10,9
LF:2
LH:2
end_of_record
SF:lib\features\image_caption\data\model\topk_item.dart
DA:6,3
DA:8,2
DA:9,4
DA:10,2
DA:11,2
DA:12,4
DA:13,2
DA:16,0
DA:17,0
DA:18,0
DA:19,0
DA:20,0
DA:23,10
DA:25,10
LF:14
LH:9
end_of_record
SF:lib\features\image_caption\core\utils\attention_utils.dart
DA:6,3
DA:8,2
DA:10,2
LF:3
LH:3
end_of_record
SF:lib\features\image_caption\data\mapper\mapper.dart
DA:11,4
DA:12,12
DA:18,4
DA:20,4
DA:23,0
DA:24,0
DA:25,0
LF:7
LH:4
end_of_record
SF:lib\features\image_caption\data\model\image_caption_model.dart
DA:11,4
DA:13,4
DA:14,4
DA:15,6
DA:16,4
DA:19,0
DA:21,1
DA:22,2
DA:24,0
DA:26,0
DA:27,0
DA:28,0
DA:29,0
DA:33,0
DA:34,0
LF:15
LH:7
end_of_record
SF:lib\features\image_caption\domain\entity\image_caption_entity.dart
DA:9,6
DA:11,0
DA:12,0
DA:13,0
DA:14,0
DA:17,0
DA:19,0
DA:20,0
LF:8
LH:1
end_of_record
SF:lib\features\image_caption\data\model\attention_grid.dart
DA:5,1
DA:7,1
DA:8,2
DA:9,1
DA:10,4
DA:13,0
DA:14,0
DA:15,0
DA:18,4
DA:20,4
LF:10
LH:7
end_of_record
SF:lib\features\image_caption\data\datasource\remote\image_caption_remote.dart
DA:9,1
DA:11,0
DA:13,0
DA:14,0
DA:15,0
DA:16,0
DA:17,0
LF:7
LH:1
end_of_record
SF:lib\features\image_caption\data\repository\image_caption_repo_impl.dart
DA:12,1
DA:22,1
DA:29,1
DA:31,2
DA:32,2
DA:33,1
DA:34,1
DA:37,0
DA:39,0
DA:40,0
DA:45,0
DA:47,2
DA:49,3
LF:13
LH:9
end_of_record
SF:lib\features\image_caption\domain\use_case\image_caption_uc.dart
DA:13,2
DA:15,1
DA:18,2
LF:3
LH:3
end_of_record
SF:lib\features\image_caption\presentation\cubit\image_caption\image_caption_cubit.dart
DA:15,4
DA:19,0
DA:20,0
DA:23,1
DA:25,1
DA:28,2
DA:31,1
DA:32,1
DA:33,1
DA:34,1
DA:36,1
DA:37,1
DA:38,1
DA:39,1
DA:40,1
DA:42,1
DA:44,1
LF:17
LH:15
end_of_record
SF:lib\features\image_caption\presentation\screen\widget\attention_view.dart
DA:11,1
DA:13,1
DA:14,1
DA:20,1
DA:23,5
DA:24,4
DA:25,3
DA:26,1
DA:27,0
DA:29,4
DA:30,4
DA:32,1
DA:34,1
DA:35,2
DA:36,1
DA:37,1
DA:38,2
DA:39,1
DA:40,1
DA:41,0
DA:42,0
DA:43,0
DA:44,0
DA:49,1
DA:61,4
DA:62,4
DA:63,4
DA:65,1
DA:66,0
DA:67,0
DA:68,1
DA:69,0
DA:70,0
DA:71,3
DA:72,1
DA:73,1
DA:74,1
DA:75,1
DA:76,0
DA:77,0
DA:79,1
DA:80,1
DA:81,0
DA:82,0
DA:84,1
DA:85,0
DA:86,0
DA:87,0
DA:88,0
DA:89,0
DA:90,0
DA:92,0
DA:93,0
DA:94,0
DA:95,0
DA:99,4
DA:100,1
DA:101,2
DA:102,2
DA:103,0
DA:104,0
DA:106,2
DA:107,2
DA:108,0
DA:109,0
DA:113,1
DA:114,1
DA:115,1
DA:116,1
DA:118,1
DA:119,1
DA:120,1
DA:121,1
DA:122,1
DA:123,1
DA:124,1
DA:125,1
DA:130,1
DA:131,1
DA:132,1
DA:141,1
DA:143,1
DA:146,1
DA:147,3
DA:149,3
DA:150,2
DA:151,1
DA:152,1
DA:154,1
DA:155,1
DA:156,1
DA:158,2
DA:164,1
DA:165,2
DA:166,1
DA:171,1
DA:172,1
DA:179,1
DA:182,2
DA:183,1
DA:184,1
DA:187,2
DA:188,3
DA:189,3
DA:192,1
DA:193,1
DA:194,2
DA:195,2
DA:197,4
DA:198,1
DA:199,1
DA:201,2
DA:202,2
DA:203,2
DA:205,5
DA:206,5
DA:207,1
DA:208,2
DA:209,2
DA:210,1
DA:211,2
DA:214,1
DA:215,1
DA:217,1
DA:221,1
LF:125
LH:98
end_of_record
SF:lib\features\settings\about\data\repository\about_repo_impl.dart
DA:13,1
DA:15,1
DA:17,2
DA:19,3
DA:22,2
LF:5
LH:5
end_of_record
SF:lib\features\settings\about\data\datasource\about_local_data_source.dart
DA:14,1
DA:16,1
DA:18,1
DA:24,1
DA:26,1
DA:28,1
DA:30,1
DA:32,1
DA:39,3
DA:40,1
LF:10
LH:10
end_of_record
SF:lib\features\settings\about\data\mapper\about_mapper.dart
DA:5,1
DA:7,1
DA:8,3
DA:10,0
DA:11,0
LF:5
LH:3
end_of_record
SF:lib\features\settings\about\data\model\about_model.dart
DA:5,1
DA:8,1
DA:9,3
DA:12,0
DA:13,0
DA:14,0
LF:6
LH:3
end_of_record
SF:lib\features\settings\about\domain\entity\about_entity.dart
DA:5,2
LF:1
LH:1
end_of_record
SF:lib\features\settings\about\domain\use_case\about_uc.dart
DA:7,1
DA:9,3
LF:2
LH:2
end_of_record
SF:lib\features\settings\data\repository\settings_repo_impl.dart
DA:11,1
DA:13,1
DA:15,2
DA:16,2
DA:19,1
DA:21,2
DA:22,2
LF:7
LH:7
end_of_record
SF:lib\features\settings\domain\entity\settings_entity.dart
DA:6,6
DA:9,0
DA:10,0
DA:11,0
DA:12,0
DA:15,0
DA:16,0
DA:17,0
DA:18,0
LF:9
LH:1
end_of_record
SF:lib\features\settings\data\mapper\settings_mapper.dart
DA:5,1
DA:7,2
DA:8,1
DA:9,1
DA:10,1
DA:13,2
DA:14,1
DA:15,1
DA:16,1
LF:9
LH:9
end_of_record
SF:lib\features\settings\domain\use_case\settings_uc.dart
DA:7,2
DA:9,3
DA:11,3
LF:3
LH:3
end_of_record
SF:lib\features\settings\presentation\cubit\settings_feature_cubit.dart
DA:13,6
DA:15,1
DA:16,2
DA:17,1
DA:24,0
DA:29,0
DA:33,0
DA:34,0
DA:40,1
DA:41,2
DA:42,1
DA:46,0
DA:49,0
DA:52,0
DA:53,0
LF:15
LH:7
end_of_record
SF:lib\features\settings\presentation\screen\settings_screen.dart
DA:11,1
DA:13,1
DA:14,1
DA:19,0
DA:20,0
DA:22,1
DA:26,1
DA:27,4
DA:28,1
DA:30,1
DA:32,1
DA:33,1
DA:35,3
DA:37,0
DA:39,1
DA:41,3
DA:43,0
DA:45,1
DA:47,3
DA:49,0
DA:52,1
DA:53,1
DA:55,1
DA:57,1
DA:58,5
DA:59,5
DA:60,5
LF:27
LH:22
end_of_record
SF:lib\features\image_caption\presentation\screen\home_screen.dart
DA:22,1
DA:24,1
DA:26,1
DA:27,1
DA:28,3
DA:30,1
DA:31,1
DA:32,0
DA:34,0
DA:40,1
DA:41,1
DA:42,1
DA:43,0
DA:45,0
DA:46,0
DA:50,1
DA:51,0
DA:52,0
DA:54,0
DA:56,0
DA:57,0
DA:58,0
DA:59,0
DA:60,0
DA:61,0
DA:62,0
DA:63,0
DA:64,0
DA:65,0
DA:67,0
DA:76,1
DA:77,0
DA:78,0
DA:79,0
DA:80,0
DA:81,0
DA:84,0
DA:86,0
DA:90,0
DA:95,1
DA:96,0
DA:97,0
DA:99,0
DA:102,1
DA:103,1
DA:104,1
DA:106,1
DA:107,1
DA:108,2
DA:110,1
DA:111,1
DA:112,1
DA:115,1
DA:117,1
DA:118,1
DA:120,1
DA:123,1
DA:125,1
DA:130,0
DA:133,0
DA:134,0
DA:136,0
DA:150,1
DA:151,1
DA:152,0
DA:153,0
DA:155,0
DA:156,0
DA:160,0
DA:161,0
DA:169,1
DA:171,1
DA:172,1
DA:173,1
DA:174,1
DA:176,1
DA:177,3
DA:182,0
DA:183,0
DA:184,0
DA:186,0
DA:188,0
DA:189,0
DA:191,0
DA:192,0
DA:193,0
DA:194,0
DA:196,0
DA:198,0
DA:199,0
DA:200,0
DA:204,0
DA:205,0
DA:209,0
DA:210,0
DA:217,0
DA:219,0
DA:220,0
DA:221,0
DA:232,1
DA:234,1
DA:236,1
DA:238,1
DA:239,0
DA:240,0
DA:244,0
DA:248,3
DA:251,1
DA:252,0
DA:253,0
DA:254,0
DA:258,0
DA:262,0
DA:264,1
DA:266,1
DA:267,1
DA:269,0
DA:270,0
DA:271,0
DA:275,1
DA:279,3
DA:281,1
DA:282,1
DA:283,0
DA:284,0
DA:285,0
DA:288,0
DA:290,1
DA:291,1
DA:292,0
DA:293,0
DA:294,0
DA:298,1
DA:300,1
DA:302,1
DA:303,2
DA:304,0
DA:305,0
DA:306,0
DA:307,0
DA:314,0
DA:315,0
DA:316,0
DA:317,0
DA:318,0
DA:322,0
DA:324,0
DA:328,0
DA:330,0
DA:332,0
DA:333,0
DA:336,0
DA:339,0
DA:341,0
DA:343,0
DA:344,0
DA:347,0
DA:352,1
DA:353,2
LF:159
LH:58
end_of_record
SF:lib\features\image_caption\presentation\cubit\home\home_cubit.dart
DA:28,1
DA:31,1
DA:32,2
DA:33,1
DA:36,1
DA:37,2
DA:38,0
DA:39,0
DA:40,0
DA:41,0
DA:43,0
DA:44,0
DA:47,0
DA:48,0
DA:51,0
DA:52,0
DA:55,0
DA:56,0
DA:59,0
DA:60,0
DA:61,0
DA:63,0
DA:73,0
DA:75,0
DA:76,0
DA:77,0
DA:78,0
DA:80,0
DA:81,0
DA:82,0
DA:83,0
DA:85,0
DA:90,0
DA:91,0
DA:92,0
DA:95,0
DA:97,0
DA:98,0
DA:101,0
DA:102,0
DA:105,0
DA:106,0
DA:109,0
DA:110,0
DA:112,0
DA:118,0
DA:119,0
DA:120,0
DA:124,0
DA:128,0
DA:129,0
DA:133,0
DA:134,0
DA:135,0
DA:139,0
DA:140,0
DA:142,0
DA:143,0
DA:146,0
DA:147,0
DA:149,0
DA:150,0
DA:151,0
DA:152,0
DA:153,0
DA:154,0
DA:155,0
DA:159,0
DA:162,0
DA:165,0
DA:166,0
DA:171,0
DA:173,0
DA:174,0
DA:177,0
DA:182,0
DA:183,0
DA:184,0
DA:188,0
DA:189,0
DA:190,0
DA:194,0
DA:197,0
DA:199,0
DA:200,0
DA:201,0
DA:204,0
DA:205,0
DA:208,0
DA:209,0
DA:211,0
DA:213,0
DA:214,0
DA:215,0
LF:94
LH:6
end_of_record
SF:lib\features\image_caption\presentation\cubit\image_caption\image_caption_state.dart
LF:0
LH:0
end_of_record
SF:lib\core\color_palette\palette_cubit.dart
DA:7,1
DA:8,2
DA:14,1
DA:15,1
DA:18,0
DA:19,0
DA:20,0
DA:21,0
LF:8
LH:4
end_of_record
SF:lib\core\common\client\tts_client.dart
DA:39,2
DA:41,1
DA:43,2
DA:45,0
DA:46,0
DA:48,0
DA:49,0
DA:51,0
DA:52,0
DA:54,0
DA:55,0
DA:57,0
DA:60,0
DA:62,0
DA:64,0
DA:66,0
DA:68,0
DA:70,0
DA:72,0
DA:74,0
DA:76,0
DA:78,0
DA:83,0
DA:85,0
DA:86,0
DA:88,0
DA:89,0
LF:27
LH:3
end_of_record
SF:lib\features\image_caption\presentation\cubit\home\home_state.dart
DA:15,1
DA:27,2
DA:39,0
DA:50,0
DA:51,0
DA:52,0
DA:53,0
DA:54,0
DA:55,0
DA:56,0
DA:57,0
LF:11
LH:2
end_of_record
SF:lib\core\color_palette\palette_manager.dart
DA:13,1
DA:15,1
DA:17,1
DA:19,2
DA:20,1
DA:21,1
DA:23,0
DA:24,0
DA:25,0
DA:29,1
DA:32,1
DA:35,0
DA:39,0
DA:41,0
DA:43,0
DA:44,0
DA:46,0
DA:47,0
DA:49,0
DA:50,0
DA:53,0
DA:54,0
DA:62,0
DA:64,0
DA:65,0
DA:66,0
DA:68,0
DA:71,0
DA:73,0
DA:78,0
DA:79,0
DA:80,0
DA:81,0
LF:33
LH:8
end_of_record
SF:lib\core\color_palette\palette_state.dart
DA:8,1
DA:14,0
DA:19,0
DA:20,0
DA:21,0
DA:22,0
LF:6
LH:1
end_of_record
